<?xml version="1.0" encoding="UTF-8"?>
<!-- Generated by org.testng.reporters.JUnitXMLReporter -->
<testsuite ignored="0" hostname="iOrbit_PC_31" failures="0" tests="11" name="TutorialsNinja Tests" time="79.18" errors="0" timestamp="2025-04-07T16:06:49 IST">
  <testcase classname="com.tutorialsninja.qa.testcases.Register" name="verifyRegisterTestCase" time="3.619"/>
  <testcase classname="com.tutorialsninja.qa.testcases.Register" name="verifyRegisteringAccountByprovidingAllFields" time="1.992"/>
  <testcase classname="com.tutorialsninja.qa.testcases.Register" name="verifyRegisteringAccountWithoutFillingAnyDetails" time="2.002"/>
  <testcase classname="com.tutorialsninja.qa.testcases.Login" name="verifyLoginWithValidCredentials" time="0.955"/>
  <testcase classname="com.tutorialsninja.qa.testcases.Login" name="verifyLoginWithInvalidCredentials" time="0.868"/>
  <testcase classname="com.tutorialsninja.qa.testcases.Login" name="verifyLoginWithInvalidPassword" time="1.297"/>
  <testcase classname="com.tutorialsninja.qa.testcases.Login" name="verifyLoginWithInvalidemailaddress" time="0.885"/>
  <testcase classname="com.tutorialsninja.qa.testcases.Login" name="verifyLoginWithoutEmailAndPassword" time="0.789"/>
  <testcase classname="com.tutorialsninja.qa.testcases.Search" name="verifySearchWithInvalidProductName" time="0.445"/>
  <testcase classname="com.tutorialsninja.qa.testcases.Search" name="verifySearchWithValidProductName" time="0.579"/>
  <testcase classname="com.tutorialsninja.qa.testcases.Search" name="verifySearchWithoutProductName" time="0.369"/>
</testsuite> <!-- TutorialsNinja Tests -->
